<?xml version="1.0" encoding="UTF-8"?>
<!-- Generated by org.testng.reporters.JUnitReportReporter -->
<testsuite hostname="DESKTOP-37D2O36" failures="0" tests="1" name="dummy_project.DummyTest" time="0.025" errors="0" timestamp="2025-05-08T09:24:22 IST" skipped="0">
  <testcase classname="dummy_project.DummyTest" name="dummyTest" time="0.025">
    <system-out>
      <![CDATA[Dummy Test is executed]]>
    </system-out>
  </testcase> <!-- dummyTest -->
  <system-out>
    <![CDATA[Dummy Test is executed]]>
  </system-out>
</testsuite> <!-- dummy_project.DummyTest -->
