<?xml version="1.0" encoding="UTF-8"?>
<!-- Generated by org.testng.reporters.JUnitReportReporter -->
<testsuite hostname="DESKTOP-37D2O36" failures="0" tests="2" name="dummy_package.Dummy_Test" time="30.725" errors="0" timestamp="2025-05-08T12:41:03 IST" skipped="0">
  <testcase classname="dummy_package.Dummy_Test" name="addProduct" time="15.233">
    <system-out>
      <![CDATA[step 4 : product added to cart sucessfully...]]>
    </system-out>
  </testcase> <!-- addProduct -->
  <testcase classname="dummy_package.Dummy_Test" name="removeProduct" time="15.492">
    <system-out>
      <![CDATA[step n : removed from cart sucessfully...]]>
    </system-out>
  </testcase> <!-- removeProduct -->
  <system-out>
    <![CDATA[step1 : Browser launched sucessfully...
step2 : Navigated to application  sucessfully...
step3 : Login sucessfully...
step 4 : product added to cart sucessfully...
step5 : Logout sucessfully...
step3 : Login sucessfully...
step n : removed from cart sucessfully...
step5 : Logout sucessfully...
step6 : closed browser sucessfully...]]>
  </system-out>
</testsuite> <!-- dummy_package.Dummy_Test -->
